<?xml version="1.0" encoding="UTF-8"?>
<!-- Generated by org.testng.reporters.JUnitReportReporter -->
<testsuite hostname="FVFHXHYBQ6LR" failures="0" tests="1" name="com.wipro.testCases.TC01" time="5.870" errors="0" timestamp="2023-06-01T11:00:34 IST" skipped="0">
  <testcase classname="com.wipro.testCases.TC01" name="registration" time="5.870"/>
  <system-out/>
</testsuite> <!-- com.wipro.testCases.TC01 -->
