<?xml version="1.0" encoding="UTF-8"?>
<!-- Generated by org.testng.reporters.JUnitReportReporter -->
<testsuite hostname="FVFHXHYBQ6LR" failures="0" tests="1" name="com.base.Base" time="6.391" errors="0" timestamp="2023-05-29T16:27:10 IST" skipped="0">
  <testcase classname="com.base.Base" name="launchChromeBrowser" time="6.391"/>
  <system-out/>
</testsuite> <!-- com.base.Base -->
