<?xml version="1.0" encoding="UTF-8"?>
<!-- Generated by org.testng.reporters.JUnitReportReporter -->
<testsuite hostname="FVFHXHYBQ6LR" failures="0" tests="2" name="com.wipro.testCases.TC02" time="6.722" errors="0" timestamp="2023-06-01T11:03:45 IST" skipped="0">
  <testcase classname="com.wipro.testCases.TC02" name="AddAddressFunctionality" time="4.117"/>
  <system-out/>
  <testcase classname="com.wipro.testCases.TC02" name="login" time="2.605"/>
  <system-out/>
</testsuite> <!-- com.wipro.testCases.TC02 -->
